<?xml version="1.0" encoding="UTF-8"?>
<testsuite name="no.cengen.infrastructure.EsportServiceBeanIT" time="2.252" tests="4" errors="1" skipped="0" failures="0">
  <properties>
[...]
</properties>
  <testcase name="getAllTeams" classname="no.cengen.infrastructure.EsportServiceBeanIT" time="1.098"/>
  <testcase name="invalidGame_getTeams" classname="no.cengen.infrastructure.EsportServiceBeanIT" time="0.341">
    <error type="java.lang.NullPointerException:">java.lang.NullPointerException: null
	at no.cengen.infrastructure.EsportServiceBean.getTeams(EsportServiceBean.java:28)
	at no.cengen.infrastructure.EsportServiceBeanIT.invalidGame_getTeams(EsportServiceBeanIT.java:38)
</error>
    <system-err><![CDATA[com.sun.xml.internal.ws.fault.ServerSOAPFaultException: Client received SOAP Fault from server: Game is invalid Please see the server log to find more detail regarding exact cause of the failure.
	at com.sun.xml.internal.ws.fault.SOAP11Fault.getProtocolException(SOAP11Fault.java:178)
	at com.sun.xml.internal.ws.fault.SOAPFaultBuilder.createException(SOAPFaultBuilder.java:116)
	at com.sun.xml.internal.ws.client.sei.StubHandler.readResponse(StubHandler.java:238)
	at com.sun.xml.internal.ws.db.DatabindingImpl.deserializeResponse(DatabindingImpl.java:189)
	at com.sun.xml.internal.ws.db.DatabindingImpl.deserializeResponse(DatabindingImpl.java:276)
	at com.sun.xml.internal.ws.client.sei.SyncMethodHandler.invoke(SyncMethodHandler.java:104)
	at com.sun.xml.internal.ws.client.sei.SyncMethodHandler.invoke(SyncMethodHandler.java:77)
	at com.sun.xml.internal.ws.client.sei.SEIStub.invoke(SEIStub.java:147)
	at com.sun.proxy.$Proxy36.getTeams(Unknown Source)
	at no.cengen.infrastructure.EsportServiceBean.getTeamResponse(EsportServiceBean.java:54)
	at no.cengen.infrastructure.EsportServiceBean.getTeams(EsportServiceBean.java:28)
	at no.cengen.infrastructure.EsportServiceBeanIT.invalidGame_getTeams(EsportServiceBeanIT.java:38)
	at sun.reflect.NativeMethodAccessorImpl.invoke0(Native Method)
	at sun.reflect.NativeMethodAccessorImpl.invoke(NativeMethodAccessorImpl.java:62)
	at sun.reflect.DelegatingMethodAccessorImpl.invoke(DelegatingMethodAccessorImpl.java:43)
	at java.lang.reflect.Method.invoke(Method.java:483)
	at org.junit.runners.model.FrameworkMethod$1.runReflectiveCall(FrameworkMethod.java:50)
	at org.junit.internal.runners.model.ReflectiveCallable.run(ReflectiveCallable.java:12)
	at org.junit.runners.model.FrameworkMethod.invokeExplosively(FrameworkMethod.java:47)
	at org.junit.internal.runners.statements.InvokeMethod.evaluate(InvokeMethod.java:17)
	at org.junit.internal.runners.statements.RunBefores.evaluate(RunBefores.java:26)
	at org.junit.runners.ParentRunner.runLeaf(ParentRunner.java:325)
	at org.junit.runners.BlockJUnit4ClassRunner.runChild(BlockJUnit4ClassRunner.java:78)
	at org.junit.runners.BlockJUnit4ClassRunner.runChild(BlockJUnit4ClassRunner.java:57)
	at org.junit.runners.ParentRunner$3.run(ParentRunner.java:290)
	at org.junit.runners.ParentRunner$1.schedule(ParentRunner.java:71)
	at org.junit.runners.ParentRunner.runChildren(ParentRunner.java:288)
	at org.junit.runners.ParentRunner.access$000(ParentRunner.java:58)
	at org.junit.runners.ParentRunner$2.evaluate(ParentRunner.java:268)
	at org.junit.runners.ParentRunner.run(ParentRunner.java:363)
	at org.apache.maven.surefire.junit4.JUnit4Provider.execute(JUnit4Provider.java:283)
	at org.apache.maven.surefire.junit4.JUnit4Provider.executeWithRerun(JUnit4Provider.java:173)
	at org.apache.maven.surefire.junit4.JUnit4Provider.executeTestSet(JUnit4Provider.java:153)
	at org.apache.maven.surefire.junit4.JUnit4Provider.invoke(JUnit4Provider.java:128)
	at org.apache.maven.surefire.booter.ForkedBooter.invokeProviderInSameClassLoader(ForkedBooter.java:203)
	at org.apache.maven.surefire.booter.ForkedBooter.runSuitesInProcess(ForkedBooter.java:155)
	at org.apache.maven.surefire.booter.ForkedBooter.main(ForkedBooter.java:103)
]]></system-err>
  </testcase>
  <testcase name="getGames" classname="no.cengen.infrastructure.EsportServiceBeanIT" time="0.341"/>
  <testcase name="getTeams" classname="no.cengen.infrastructure.EsportServiceBeanIT" time="0.472"/>
</testsuite>